2021-10-03 06:53:45,594 CRIT Supervisor is running as root.  Privileges were not dropped because no user is specified in the config file.  If you intend to run as root, you can set user=root in the config file to avoid this message.
2021-10-03 06:53:45,604 INFO supervisord started with pid 1
2021-10-03 06:53:46,608 INFO spawned: 'worker' with pid 12
2021-10-03 06:53:46,612 INFO spawned: 'schedule' with pid 14
2021-10-03 06:53:47,625 INFO success: worker entered RUNNING state, process has stayed up for > than 1 seconds (startsecs)
2021-10-03 06:53:47,626 INFO success: schedule entered RUNNING state, process has stayed up for > than 1 seconds (startsecs)
2021-10-03 06:55:33,142 WARN received SIGTERM indicating exit request
2021-10-03 06:55:33,144 INFO waiting for worker, schedule to die
2021-10-03 06:55:33,147 INFO stopped: schedule (terminated by SIGTERM)
2021-10-03 06:55:33,153 INFO stopped: worker (terminated by SIGTERM)
2021-10-03 06:56:07,285 CRIT Supervisor is running as root.  Privileges were not dropped because no user is specified in the config file.  If you intend to run as root, you can set user=root in the config file to avoid this message.
2021-10-03 06:56:07,296 INFO supervisord started with pid 1
2021-10-03 06:56:08,303 INFO spawned: 'worker' with pid 12
2021-10-03 06:56:08,307 INFO spawned: 'schedule' with pid 14
2021-10-03 06:56:09,318 INFO success: worker entered RUNNING state, process has stayed up for > than 1 seconds (startsecs)
2021-10-03 06:56:09,322 INFO success: schedule entered RUNNING state, process has stayed up for > than 1 seconds (startsecs)
2021-10-03 06:57:04,607 CRIT Supervisor is running as root.  Privileges were not dropped because no user is specified in the config file.  If you intend to run as root, you can set user=root in the config file to avoid this message.
2021-10-03 06:57:04,618 INFO supervisord started with pid 1
2021-10-03 06:57:05,621 INFO spawned: 'worker' with pid 14
2021-10-03 06:57:05,625 INFO spawned: 'schedule' with pid 16
2021-10-03 06:57:06,629 INFO success: worker entered RUNNING state, process has stayed up for > than 1 seconds (startsecs)
2021-10-03 06:57:06,630 INFO success: schedule entered RUNNING state, process has stayed up for > than 1 seconds (startsecs)
2021-10-03 06:57:51,440 WARN received SIGTERM indicating exit request
2021-10-03 06:57:51,442 INFO waiting for worker, schedule to die
2021-10-03 06:57:51,446 INFO stopped: schedule (terminated by SIGTERM)
2021-10-03 06:57:51,455 INFO stopped: worker (terminated by SIGTERM)
2021-10-03 06:58:34,541 CRIT Supervisor is running as root.  Privileges were not dropped because no user is specified in the config file.  If you intend to run as root, you can set user=root in the config file to avoid this message.
2021-10-03 06:58:34,553 INFO supervisord started with pid 1
2021-10-03 06:58:35,556 INFO spawned: 'worker' with pid 14
2021-10-03 06:58:35,560 INFO spawned: 'schedule' with pid 16
2021-10-03 06:58:36,563 INFO success: worker entered RUNNING state, process has stayed up for > than 1 seconds (startsecs)
2021-10-03 06:58:36,565 INFO success: schedule entered RUNNING state, process has stayed up for > than 1 seconds (startsecs)
2021-10-03 06:59:32,971 WARN received SIGTERM indicating exit request
2021-10-03 06:59:32,974 INFO waiting for worker, schedule to die
2021-10-03 06:59:32,976 INFO stopped: schedule (terminated by SIGTERM)
2021-10-03 06:59:32,983 INFO stopped: worker (terminated by SIGTERM)
2021-10-03 06:59:44,323 CRIT Supervisor is running as root.  Privileges were not dropped because no user is specified in the config file.  If you intend to run as root, you can set user=root in the config file to avoid this message.
2021-10-03 06:59:44,333 INFO supervisord started with pid 1
2021-10-03 06:59:45,338 INFO spawned: 'worker' with pid 13
2021-10-03 06:59:45,342 INFO spawned: 'schedule' with pid 15
2021-10-03 06:59:46,346 INFO success: worker entered RUNNING state, process has stayed up for > than 1 seconds (startsecs)
2021-10-03 06:59:46,348 INFO success: schedule entered RUNNING state, process has stayed up for > than 1 seconds (startsecs)
2021-10-03 07:27:03,351 WARN received SIGTERM indicating exit request
2021-10-03 07:27:03,353 INFO waiting for worker, schedule to die
2021-10-03 07:27:03,359 INFO stopped: schedule (terminated by SIGTERM)
2021-10-03 07:27:03,360 INFO reaped unknown pid 631
2021-10-03 07:27:03,381 INFO stopped: worker (terminated by SIGTERM)
2021-10-03 07:27:23,733 CRIT Supervisor is running as root.  Privileges were not dropped because no user is specified in the config file.  If you intend to run as root, you can set user=root in the config file to avoid this message.
2021-10-03 07:27:23,744 INFO supervisord started with pid 1
2021-10-03 07:27:24,750 INFO spawned: 'worker' with pid 13
2021-10-03 07:27:24,754 INFO spawned: 'schedule' with pid 15
2021-10-03 07:27:25,767 INFO success: worker entered RUNNING state, process has stayed up for > than 1 seconds (startsecs)
2021-10-03 07:27:25,768 INFO success: schedule entered RUNNING state, process has stayed up for > than 1 seconds (startsecs)
2021-10-03 07:34:30,107 WARN received SIGTERM indicating exit request
2021-10-03 07:34:30,111 INFO waiting for worker, schedule to die
2021-10-03 07:34:30,114 INFO stopped: schedule (terminated by SIGTERM)
2021-10-03 07:34:30,140 INFO stopped: worker (terminated by SIGTERM)
2021-10-03 07:34:47,667 CRIT Supervisor is running as root.  Privileges were not dropped because no user is specified in the config file.  If you intend to run as root, you can set user=root in the config file to avoid this message.
2021-10-03 07:34:47,677 INFO supervisord started with pid 1
2021-10-03 07:34:48,684 INFO spawned: 'worker' with pid 12
2021-10-03 07:34:48,689 INFO spawned: 'schedule' with pid 14
2021-10-03 07:34:49,693 INFO success: worker entered RUNNING state, process has stayed up for > than 1 seconds (startsecs)
2021-10-03 07:34:49,694 INFO success: schedule entered RUNNING state, process has stayed up for > than 1 seconds (startsecs)
2021-10-03 07:40:49,890 WARN received SIGTERM indicating exit request
2021-10-03 07:40:49,893 INFO waiting for worker, schedule to die
2021-10-03 07:40:49,895 INFO stopped: schedule (terminated by SIGTERM)
2021-10-03 07:40:49,904 INFO stopped: worker (terminated by SIGTERM)
2021-10-03 07:43:25,983 CRIT Supervisor is running as root.  Privileges were not dropped because no user is specified in the config file.  If you intend to run as root, you can set user=root in the config file to avoid this message.
2021-10-03 07:43:25,993 INFO supervisord started with pid 1
2021-10-03 07:43:26,999 INFO spawned: 'worker' with pid 13
2021-10-03 07:43:27,003 INFO spawned: 'schedule' with pid 15
2021-10-03 07:43:28,008 INFO success: worker entered RUNNING state, process has stayed up for > than 1 seconds (startsecs)
2021-10-03 07:43:28,009 INFO success: schedule entered RUNNING state, process has stayed up for > than 1 seconds (startsecs)
2021-10-03 07:51:41,445 WARN received SIGTERM indicating exit request
2021-10-03 07:51:41,450 INFO waiting for worker, schedule to die
2021-10-03 07:51:41,453 INFO stopped: schedule (terminated by SIGTERM)
2021-10-03 07:51:41,479 INFO stopped: worker (terminated by SIGTERM)
2021-10-03 07:54:40,609 CRIT Supervisor is running as root.  Privileges were not dropped because no user is specified in the config file.  If you intend to run as root, you can set user=root in the config file to avoid this message.
2021-10-03 07:54:40,620 INFO supervisord started with pid 1
2021-10-03 07:54:41,626 INFO spawned: 'worker' with pid 12
2021-10-03 07:54:41,631 INFO spawned: 'schedule' with pid 14
2021-10-03 07:54:42,645 INFO success: worker entered RUNNING state, process has stayed up for > than 1 seconds (startsecs)
2021-10-03 07:54:42,646 INFO success: schedule entered RUNNING state, process has stayed up for > than 1 seconds (startsecs)
2021-10-05 16:21:40,583 CRIT Supervisor is running as root.  Privileges were not dropped because no user is specified in the config file.  If you intend to run as root, you can set user=root in the config file to avoid this message.
2021-10-05 16:21:40,601 INFO supervisord started with pid 1
2021-10-05 16:21:41,608 INFO spawned: 'worker' with pid 12
2021-10-05 16:21:41,612 INFO spawned: 'schedule' with pid 14
2021-10-05 16:21:42,616 INFO success: worker entered RUNNING state, process has stayed up for > than 1 seconds (startsecs)
2021-10-05 16:21:42,618 INFO success: schedule entered RUNNING state, process has stayed up for > than 1 seconds (startsecs)
2021-10-08 07:44:13,000 CRIT Supervisor is running as root.  Privileges were not dropped because no user is specified in the config file.  If you intend to run as root, you can set user=root in the config file to avoid this message.
2021-10-08 07:44:13,032 INFO supervisord started with pid 1
2021-10-08 07:44:14,040 INFO spawned: 'worker' with pid 13
2021-10-08 07:44:14,047 INFO spawned: 'schedule' with pid 15
2021-10-08 07:44:15,052 INFO success: worker entered RUNNING state, process has stayed up for > than 1 seconds (startsecs)
2021-10-08 07:44:15,068 INFO success: schedule entered RUNNING state, process has stayed up for > than 1 seconds (startsecs)
2021-10-08 09:33:01,635 WARN received SIGTERM indicating exit request
2021-10-08 09:33:01,637 INFO waiting for worker, schedule to die
2021-10-08 09:33:01,641 INFO stopped: schedule (terminated by SIGTERM)
2021-10-08 09:33:01,643 INFO reaped unknown pid 455
2021-10-08 09:33:01,664 INFO stopped: worker (terminated by SIGTERM)
2021-10-08 09:33:37,516 CRIT Supervisor is running as root.  Privileges were not dropped because no user is specified in the config file.  If you intend to run as root, you can set user=root in the config file to avoid this message.
2021-10-08 09:33:37,526 INFO supervisord started with pid 1
2021-10-08 09:33:38,531 INFO spawned: 'worker' with pid 12
2021-10-08 09:33:38,534 INFO spawned: 'schedule' with pid 14
2021-10-08 09:33:39,539 INFO success: worker entered RUNNING state, process has stayed up for > than 1 seconds (startsecs)
2021-10-08 09:33:39,539 INFO success: schedule entered RUNNING state, process has stayed up for > than 1 seconds (startsecs)
2021-10-09 12:59:30,312 WARN received SIGTERM indicating exit request
2021-10-09 12:59:30,314 INFO waiting for worker, schedule to die
2021-10-09 12:59:30,321 INFO stopped: schedule (terminated by SIGTERM)
2021-10-09 12:59:30,355 INFO stopped: worker (terminated by SIGTERM)
2021-10-09 12:59:59,884 CRIT Supervisor is running as root.  Privileges were not dropped because no user is specified in the config file.  If you intend to run as root, you can set user=root in the config file to avoid this message.
2021-10-09 12:59:59,896 INFO supervisord started with pid 1
2021-10-09 13:00:00,901 INFO spawned: 'worker' with pid 15
2021-10-09 13:00:00,905 INFO spawned: 'schedule' with pid 17
2021-10-09 13:00:01,910 INFO success: worker entered RUNNING state, process has stayed up for > than 1 seconds (startsecs)
2021-10-09 13:00:01,911 INFO success: schedule entered RUNNING state, process has stayed up for > than 1 seconds (startsecs)
